[debug] ----------------------------------------------------------------------
[debug] Command:      /usr/local/Cellar/node/7.9.0/bin/node /usr/local/bin/firebase serve
[debug] CLI Version:  3.8.0
[debug] Platform:     darwin
[debug] Node Version: v7.9.0
[debug] Time:         Thu May 18 2017 05:22:02 GMT-0600 (MDT)
[debug] ----------------------------------------------------------------------
[debug] 
[debug] > command requires scopes: ["email","openid","https://www.googleapis.com/auth/cloudplatformprojects.readonly","https://www.googleapis.com/auth/firebase","https://www.googleapis.com/auth/cloud-platform"]
[debug] > refreshing access token with scopes: ["email","https://www.googleapis.com/auth/cloud-platform","https://www.googleapis.com/auth/cloudplatformprojects.readonly","https://www.googleapis.com/auth/firebase","openid"]
[debug] >>> HTTP REQUEST POST https://www.googleapis.com/oauth2/v3/token { refresh_token: '1/_YnZwLWs3bmwh3uigtrtndrFMYzOzCEgC_dU4JgGj8-7LOBtOjZl5zSDobqurBun',
  client_id: '563584335869-fgrhgmd47bqnekij5i8b5pr03ho849e6.apps.googleusercontent.com',
  client_secret: 'j9iVZfS8kkCEFUPaAeJV0sAi',
  grant_type: 'refresh_token',
  scope: 'email https://www.googleapis.com/auth/cloud-platform https://www.googleapis.com/auth/cloudplatformprojects.readonly https://www.googleapis.com/auth/firebase openid' } 
 Thu May 18 2017 05:22:02 GMT-0600 (MDT)
[debug] <<< HTTP RESPONSE 200
[debug] >>> HTTP REQUEST GET https://admin.firebase.com/v1/projects/characters-d5c5c  
 Thu May 18 2017 05:22:03 GMT-0600 (MDT)
[debug] <<< HTTP RESPONSE 200
[debug] >>> HTTP REQUEST GET https://admin.firebase.com/v1/database/characters-d5c5c/tokens  
 Thu May 18 2017 05:22:03 GMT-0600 (MDT)
[debug] <<< HTTP RESPONSE 200
[info] 
[info] === Serving from '/Users/willcarpenter/Desktop/Galvanize/140Characters'...
[info] 
[debug] >>> HTTP REQUEST GET https://cloudresourcemanager.googleapis.com/v1/projects/characters-d5c5c  
 Thu May 18 2017 05:22:07 GMT-0600 (MDT)
[debug] <<< HTTP RESPONSE 200
[debug] >>> HTTP REQUEST GET https://mobilesdk-pa.googleapis.com/v1/projects/73314514804/clients/_:getWebAppConfig  
 Thu May 18 2017 05:22:07 GMT-0600 (MDT)
[debug] <<< HTTP RESPONSE 200
[info] i  hosting: Serving hosting files from: public
[info] ✔  hosting: Local server: http://localhost:5000

